生成启动时间为 2014/11/4 21:23:31。
     1>项目“D:\Work\VSSTEST\ConnectMySql\ConnectMySql\ConnectMySql.vcxproj”在节点 2 上(build 个目标)。
     1>InitializeBuildStatus:
         正在创建“Debug\ConnectMySql.unsuccessfulbuild”，因为已指定“AlwaysCreate”。
       ClCompile:
         C:\Program Files (x86)\Microsoft Visual Studio 10.0\VC\bin\CL.exe /c /I"C:\Program Files\MySQL\MySQL Server 5.6\include" /ZI /nologo /W3 /WX- /Od /Oy- /D WIN32 /D _DEBUG /D _CONSOLE /D _UNICODE /D UNICODE /Gm /EHsc /RTC1 /MDd /GS /fp:precise /Zc:wchar_t /Zc:forScope /Fo"Debug\\" /Fd"Debug\vc100.pdb" /Gd /TP /analyze- /errorReport:prompt connect.cpp
         connect.cpp
     1>d:\work\vsstest\connectmysql\connectmysql\connect.cpp(9): warning C4101: “res”: 未引用的局部变量
     1>d:\work\vsstest\connectmysql\connectmysql\connect.cpp(12): warning C4101: “tmp”: 未引用的局部变量
     1>d:\work\vsstest\connectmysql\connectmysql\connect.cpp(10): warning C4101: “row”: 未引用的局部变量
       Link:
         C:\Program Files (x86)\Microsoft Visual Studio 10.0\VC\bin\link.exe /ERRORREPORT:PROMPT /OUT:"D:\Work\VSSTEST\ConnectMySql\Debug\ConnectMySql.exe" /INCREMENTAL /NOLOGO /LIBPATH:"C:\Program Files\MySQL\MySQL Server 5.6\lib" libmysql.lib kernel32.lib user32.lib gdi32.lib winspool.lib comdlg32.lib advapi32.lib shell32.lib ole32.lib oleaut32.lib uuid.lib odbc32.lib odbccp32.lib /MANIFEST /ManifestFile:"Debug\ConnectMySql.exe.intermediate.manifest" /MANIFESTUAC:"level='asInvoker' uiAccess='false'" /DEBUG /PDB:"D:\Work\VSSTEST\ConnectMySql\Debug\ConnectMySql.pdb" /SUBSYSTEM:CONSOLE /TLBID:1 /DYNAMICBASE /NXCOMPAT /IMPLIB:"D:\Work\VSSTEST\ConnectMySql\Debug\ConnectMySql.lib" /MACHINE:X86 Debug\connect.obj
     1>connect.obj : error LNK2019: 无法解析的外部符号 _mysql_real_connect@32，该符号在函数 _main 中被引用
     1>connect.obj : error LNK2019: 无法解析的外部符号 _mysql_init@4，该符号在函数 _main 中被引用
     1>D:\Work\VSSTEST\ConnectMySql\Debug\ConnectMySql.exe : fatal error LNK1120: 2 个无法解析的外部命令
     1>已完成生成项目“D:\Work\VSSTEST\ConnectMySql\ConnectMySql\ConnectMySql.vcxproj”(build 个目标)的操作 - 失败。

生成失败。

已用时间 00:00:01.41
